  [4;36;1mSQL (0.0ms)[0m   [0;1mSET SQL_AUTO_IS_NULL=0[0m
  [4;35;1mSQL (0.0ms)[0m   [0mSHOW TABLES[0m
  [4;36;1mSQL (0.0ms)[0m   [0;1mSELECT version FROM schema_migrations[0m
  [4;35;1mArticle Columns (0.0ms)[0m   [0mSHOW FIELDS FROM `articles`[0m
  [4;36;1mComment Columns (47.0ms)[0m   [0;1mSHOW FIELDS FROM `comments`[0m
  [4;35;1mUser Columns (0.0ms)[0m   [0mMysql::Error: Table 'blog_development.users' doesn't exist: SHOW FIELDS FROM `users`[0m
  [4;36;1mSQL (0.0ms)[0m   [0;1mSET SQL_AUTO_IS_NULL=0[0m
  [4;35;1mSQL (0.0ms)[0m   [0mSHOW TABLES[0m
  [4;36;1mSQL (0.0ms)[0m   [0;1mSELECT version FROM schema_migrations[0m
Migrating to CreateArticles (20090601041734)
Migrating to CreateComments (20090601191807)
Migrating to CreateUsers (20090603181255)
  [4;35;1mSQL (78.0ms)[0m   [0mCREATE TABLE `users` (`id` int(11) DEFAULT NULL auto_increment PRIMARY KEY, `name` varchar(255), `email` varchar(255), `message` text, `created_at` datetime, `updated_at` datetime) ENGINE=InnoDB[0m
  [4;36;1mSQL (31.0ms)[0m   [0;1mINSERT INTO schema_migrations (version) VALUES ('20090603181255')[0m
  [4;35;1mSQL (0.0ms)[0m   [0mSHOW TABLES[0m
  [4;36;1mSQL (0.0ms)[0m   [0;1mSELECT version FROM schema_migrations[0m
  [4;35;1mSQL (0.0ms)[0m   [0mSHOW TABLES[0m
  [4;36;1mSQL (16.0ms)[0m   [0;1mSHOW FIELDS FROM `articles`[0m
  [4;35;1mSQL (0.0ms)[0m   [0mdescribe `articles`[0m
  [4;36;1mSQL (0.0ms)[0m   [0;1mSHOW KEYS FROM `articles`[0m
  [4;35;1mSQL (0.0ms)[0m   [0mSHOW FIELDS FROM `comments`[0m
  [4;36;1mSQL (0.0ms)[0m   [0;1mdescribe `comments`[0m
  [4;35;1mSQL (0.0ms)[0m   [0mSHOW KEYS FROM `comments`[0m
  [4;36;1mSQL (15.0ms)[0m   [0;1mSHOW FIELDS FROM `users`[0m
  [4;35;1mSQL (0.0ms)[0m   [0mdescribe `users`[0m
  [4;36;1mSQL (0.0ms)[0m   [0;1mSHOW KEYS FROM `users`[0m
  [4;36;1mSQL (0.0ms)[0m   [0;1mSET SQL_AUTO_IS_NULL=0[0m
  [4;35;1mSQL (0.0ms)[0m   [0mSHOW TABLES[0m
  [4;36;1mSQL (0.0ms)[0m   [0;1mSELECT version FROM schema_migrations[0m
  [4;35;1mSQL (0.0ms)[0m   [0mSHOW TABLES[0m
  [4;36;1mSQL (0.0ms)[0m   [0;1mSHOW FIELDS FROM `articles`[0m
  [4;35;1mSQL (0.0ms)[0m   [0mdescribe `articles`[0m
  [4;36;1mSQL (0.0ms)[0m   [0;1mSHOW KEYS FROM `articles`[0m
  [4;35;1mSQL (15.0ms)[0m   [0mSHOW FIELDS FROM `comments`[0m
  [4;36;1mSQL (0.0ms)[0m   [0;1mdescribe `comments`[0m
  [4;35;1mSQL (0.0ms)[0m   [0mSHOW KEYS FROM `comments`[0m
  [4;36;1mSQL (0.0ms)[0m   [0;1mSHOW FIELDS FROM `users`[0m
  [4;35;1mSQL (0.0ms)[0m   [0mdescribe `users`[0m
  [4;36;1mSQL (0.0ms)[0m   [0;1mSHOW KEYS FROM `users`[0m
  [4;35;1mSQL (0.0ms)[0m   [0mSET SQL_AUTO_IS_NULL=0[0m
  [4;36;1mSQL (156.0ms)[0m   [0;1mDROP DATABASE IF EXISTS `blog_test`[0m
  [4;35;1mSQL (0.0ms)[0m   [0mCREATE DATABASE `blog_test` DEFAULT CHARACTER SET `utf8`[0m
  [4;36;1mSQL (0.0ms)[0m   [0;1mSET SQL_AUTO_IS_NULL=0[0m
  [4;35;1mSQL (15.0ms)[0m   [0mSHOW TABLES[0m
  [4;36;1mSQL (125.0ms)[0m   [0;1mCREATE TABLE `articles` (`id` int(11) DEFAULT NULL auto_increment PRIMARY KEY, `title` varchar(255), `content` text, `created_at` datetime, `updated_at` datetime) ENGINE=InnoDB[0m
  [4;35;1mSQL (0.0ms)[0m   [0mSHOW TABLES[0m
  [4;36;1mSQL (110.0ms)[0m   [0;1mCREATE TABLE `comments` (`id` int(11) DEFAULT NULL auto_increment PRIMARY KEY, `title` varchar(255), `message` text, `article_id` int(11), `created_at` datetime, `updated_at` datetime) ENGINE=InnoDB[0m
  [4;35;1mSQL (0.0ms)[0m   [0mSHOW TABLES[0m
  [4;36;1mSQL (171.0ms)[0m   [0;1mCREATE TABLE `users` (`id` int(11) DEFAULT NULL auto_increment PRIMARY KEY, `name` varchar(255), `email` varchar(255), `message` text, `created_at` datetime, `updated_at` datetime) ENGINE=InnoDB[0m
  [4;35;1mSQL (0.0ms)[0m   [0mSHOW TABLES[0m
  [4;36;1mSQL (204.0ms)[0m   [0;1mCREATE TABLE `schema_migrations` (`version` varchar(255) NOT NULL) ENGINE=InnoDB[0m
  [4;35;1mSQL (296.0ms)[0m   [0mCREATE UNIQUE INDEX `unique_schema_migrations` ON `schema_migrations` (`version`)[0m
  [4;36;1mSQL (0.0ms)[0m   [0;1mSHOW TABLES[0m
  [4;35;1mSQL (16.0ms)[0m   [0mSELECT version FROM `schema_migrations`[0m
  [4;36;1mSQL (31.0ms)[0m   [0;1mINSERT INTO `schema_migrations` (version) VALUES ('20090603181255')[0m
  [4;35;1mSQL (47.0ms)[0m   [0mINSERT INTO `schema_migrations` (version) VALUES ('20090601041734')[0m
  [4;36;1mSQL (47.0ms)[0m   [0;1mINSERT INTO `schema_migrations` (version) VALUES ('20090601191807')[0m
  [4;36;1mSQL (0.0ms)[0m   [0;1mSET SQL_AUTO_IS_NULL=0[0m
  [4;35;1mSQL (0.0ms)[0m   [0mSHOW TABLES[0m
  [4;36;1mSQL (0.0ms)[0m   [0;1mSELECT version FROM schema_migrations[0m
  [4;35;1mArticle Columns (0.0ms)[0m   [0mSHOW FIELDS FROM `articles`[0m
  [4;36;1mComment Columns (0.0ms)[0m   [0;1mSHOW FIELDS FROM `comments`[0m
  [4;35;1mUser Columns (0.0ms)[0m   [0mSHOW FIELDS FROM `users`[0m
  [4;36;1mSQL (0.0ms)[0m   [0;1mSET SQL_AUTO_IS_NULL=0[0m
  [4;35;1mSQL (0.0ms)[0m   [0mSHOW TABLES[0m
  [4;36;1mSQL (0.0ms)[0m   [0;1mSELECT version FROM schema_migrations[0m
Migrating to CreateArticles (20090601041734)
Migrating to CreateComments (20090601191807)
  [4;35;1mSQL (16.0ms)[0m   [0mSHOW TABLES[0m
  [4;36;1mSQL (0.0ms)[0m   [0;1mSELECT version FROM schema_migrations[0m
  [4;35;1mSQL (0.0ms)[0m   [0mSHOW TABLES[0m
  [4;36;1mSQL (0.0ms)[0m   [0;1mSHOW FIELDS FROM `articles`[0m
  [4;35;1mSQL (0.0ms)[0m   [0mdescribe `articles`[0m
  [4;36;1mSQL (0.0ms)[0m   [0;1mSHOW KEYS FROM `articles`[0m
  [4;35;1mSQL (16.0ms)[0m   [0mSHOW FIELDS FROM `comments`[0m
  [4;36;1mSQL (0.0ms)[0m   [0;1mdescribe `comments`[0m
  [4;35;1mSQL (0.0ms)[0m   [0mSHOW KEYS FROM `comments`[0m
  [4;36;1mSQL (0.0ms)[0m   [0;1mSHOW FIELDS FROM `users`[0m
  [4;35;1mSQL (0.0ms)[0m   [0mdescribe `users`[0m
  [4;36;1mSQL (15.0ms)[0m   [0;1mSHOW KEYS FROM `users`[0m
  [4;36;1mSQL (0.0ms)[0m   [0;1mSET SQL_AUTO_IS_NULL=0[0m
  [4;35;1mSQL (0.0ms)[0m   [0mSHOW TABLES[0m
  [4;36;1mSQL (0.0ms)[0m   [0;1mSELECT version FROM schema_migrations[0m
Migrating to CreateArticles (20090601041734)
Migrating to CreateComments (20090601191807)
Migrating to CreateFeedbacks (20090603182809)
  [4;35;1mSQL (109.0ms)[0m   [0mCREATE TABLE `feedbacks` (`id` int(11) DEFAULT NULL auto_increment PRIMARY KEY, `name` varchar(255), `email` varchar(255), `message` text, `created_at` datetime, `updated_at` datetime) ENGINE=InnoDB[0m
  [4;36;1mSQL (31.0ms)[0m   [0;1mINSERT INTO schema_migrations (version) VALUES ('20090603182809')[0m
  [4;35;1mSQL (0.0ms)[0m   [0mSHOW TABLES[0m
  [4;36;1mSQL (16.0ms)[0m   [0;1mSELECT version FROM schema_migrations[0m
  [4;35;1mSQL (0.0ms)[0m   [0mSHOW TABLES[0m
  [4;36;1mSQL (0.0ms)[0m   [0;1mSHOW FIELDS FROM `articles`[0m
  [4;35;1mSQL (0.0ms)[0m   [0mdescribe `articles`[0m
  [4;36;1mSQL (0.0ms)[0m   [0;1mSHOW KEYS FROM `articles`[0m
  [4;35;1mSQL (0.0ms)[0m   [0mSHOW FIELDS FROM `comments`[0m
  [4;36;1mSQL (16.0ms)[0m   [0;1mdescribe `comments`[0m
  [4;35;1mSQL (0.0ms)[0m   [0mSHOW KEYS FROM `comments`[0m
  [4;36;1mSQL (0.0ms)[0m   [0;1mSHOW FIELDS FROM `feedbacks`[0m
  [4;35;1mSQL (0.0ms)[0m   [0mdescribe `feedbacks`[0m
  [4;36;1mSQL (0.0ms)[0m   [0;1mSHOW KEYS FROM `feedbacks`[0m
  [4;36;1mSQL (0.0ms)[0m   [0;1mSET SQL_AUTO_IS_NULL=0[0m
  [4;35;1mSQL (0.0ms)[0m   [0mSHOW TABLES[0m
  [4;36;1mSQL (0.0ms)[0m   [0;1mSELECT version FROM schema_migrations[0m
  [4;35;1mSQL (0.0ms)[0m   [0mSHOW TABLES[0m
  [4;36;1mSQL (0.0ms)[0m   [0;1mSHOW FIELDS FROM `articles`[0m
  [4;35;1mSQL (0.0ms)[0m   [0mdescribe `articles`[0m
  [4;36;1mSQL (0.0ms)[0m   [0;1mSHOW KEYS FROM `articles`[0m
  [4;35;1mSQL (0.0ms)[0m   [0mSHOW FIELDS FROM `comments`[0m
  [4;36;1mSQL (0.0ms)[0m   [0;1mdescribe `comments`[0m
  [4;35;1mSQL (0.0ms)[0m   [0mSHOW KEYS FROM `comments`[0m
  [4;36;1mSQL (16.0ms)[0m   [0;1mSHOW FIELDS FROM `feedbacks`[0m
  [4;35;1mSQL (0.0ms)[0m   [0mdescribe `feedbacks`[0m
  [4;36;1mSQL (0.0ms)[0m   [0;1mSHOW KEYS FROM `feedbacks`[0m
  [4;35;1mSQL (0.0ms)[0m   [0mSET SQL_AUTO_IS_NULL=0[0m
  [4;36;1mSQL (156.0ms)[0m   [0;1mDROP DATABASE IF EXISTS `blog_test`[0m
  [4;35;1mSQL (0.0ms)[0m   [0mCREATE DATABASE `blog_test` DEFAULT CHARACTER SET `utf8`[0m
  [4;36;1mSQL (0.0ms)[0m   [0;1mSET SQL_AUTO_IS_NULL=0[0m
  [4;35;1mSQL (0.0ms)[0m   [0mSHOW TABLES[0m
  [4;36;1mSQL (94.0ms)[0m   [0;1mCREATE TABLE `articles` (`id` int(11) DEFAULT NULL auto_increment PRIMARY KEY, `title` varchar(255), `content` text, `created_at` datetime, `updated_at` datetime) ENGINE=InnoDB[0m
  [4;35;1mSQL (0.0ms)[0m   [0mSHOW TABLES[0m
  [4;36;1mSQL (109.0ms)[0m   [0;1mCREATE TABLE `comments` (`id` int(11) DEFAULT NULL auto_increment PRIMARY KEY, `title` varchar(255), `message` text, `article_id` int(11), `created_at` datetime, `updated_at` datetime) ENGINE=InnoDB[0m
  [4;35;1mSQL (0.0ms)[0m   [0mSHOW TABLES[0m
  [4;36;1mSQL (266.0ms)[0m   [0;1mCREATE TABLE `feedbacks` (`id` int(11) DEFAULT NULL auto_increment PRIMARY KEY, `name` varchar(255), `email` varchar(255), `message` text, `created_at` datetime, `updated_at` datetime) ENGINE=InnoDB[0m
  [4;35;1mSQL (0.0ms)[0m   [0mSHOW TABLES[0m
  [4;36;1mSQL (250.0ms)[0m   [0;1mCREATE TABLE `schema_migrations` (`version` varchar(255) NOT NULL) ENGINE=InnoDB[0m
  [4;35;1mSQL (312.0ms)[0m   [0mCREATE UNIQUE INDEX `unique_schema_migrations` ON `schema_migrations` (`version`)[0m
  [4;36;1mSQL (0.0ms)[0m   [0;1mSHOW TABLES[0m
  [4;35;1mSQL (0.0ms)[0m   [0mSELECT version FROM `schema_migrations`[0m
  [4;36;1mSQL (79.0ms)[0m   [0;1mINSERT INTO `schema_migrations` (version) VALUES ('20090603182809')[0m
  [4;35;1mSQL (78.0ms)[0m   [0mINSERT INTO `schema_migrations` (version) VALUES ('20090601041734')[0m
  [4;36;1mSQL (93.0ms)[0m   [0;1mINSERT INTO `schema_migrations` (version) VALUES ('20090601191807')[0m
  [4;36;1mSQL (0.0ms)[0m   [0;1mSET SQL_AUTO_IS_NULL=0[0m
  [4;35;1mSQL (0.0ms)[0m   [0mSHOW TABLES[0m
  [4;36;1mSQL (0.0ms)[0m   [0;1mSELECT version FROM schema_migrations[0m
  [4;35;1mArticle Columns (0.0ms)[0m   [0mSHOW FIELDS FROM `articles`[0m
  [4;36;1mComment Columns (15.0ms)[0m   [0;1mSHOW FIELDS FROM `comments`[0m
  [4;35;1mFeedback Columns (16.0ms)[0m   [0mSHOW FIELDS FROM `feedbacks`[0m
  [4;36;1mSQL (0.0ms)[0m   [0;1mSET SQL_AUTO_IS_NULL=0[0m


Processing ArticlesController#index (for 127.0.0.1 at 2009-06-03 15:38:52) [GET]
  [4;35;1mArticle Load (0.0ms)[0m   [0mSELECT * FROM `articles` [0m
Rendering articles/index
  [4;36;1mArticle Columns (0.0ms)[0m   [0;1mSHOW FIELDS FROM `articles`[0m
  [4;35;1mComment Load (16.0ms)[0m   [0mSELECT * FROM `comments` WHERE (`comments`.article_id = 10) [0m
  [4;36;1mComment Columns (0.0ms)[0m   [0;1mSHOW FIELDS FROM `comments`[0m
Completed in 1625ms (View: 1547, DB: 16) | 200 OK [http://localhost/articles]
  [4;35;1mSQL (0.0ms)[0m   [0mSET SQL_AUTO_IS_NULL=0[0m


Processing ArticlesController#feedback (for 127.0.0.1 at 2009-06-03 15:39:44) [GET]
  [4;36;1mFeedback Columns (0.0ms)[0m   [0;1mSHOW FIELDS FROM `feedbacks`[0m
Rendering articles/feedback

ActionView::TemplateError (undefined method `feedbacks_path' for #<ActionView::Base:0x33fcb9c>) on line #1 of app/views/articles/feedback.html.erb:
1: <% form_for @feedback do |f| %>
2:     <p>
3:       <%= f.error_messages %>
4:     </p>

    app/views/articles/feedback.html.erb:1
    C:/ruby/lib/ruby/1.8/webrick/httpserver.rb:104:in `service'
    C:/ruby/lib/ruby/1.8/webrick/httpserver.rb:65:in `run'
    C:/ruby/lib/ruby/1.8/webrick/server.rb:173:in `start_thread'
    C:/ruby/lib/ruby/1.8/webrick/server.rb:162:in `start'
    C:/ruby/lib/ruby/1.8/webrick/server.rb:162:in `start_thread'
    C:/ruby/lib/ruby/1.8/webrick/server.rb:95:in `start'
    C:/ruby/lib/ruby/1.8/webrick/server.rb:92:in `each'
    C:/ruby/lib/ruby/1.8/webrick/server.rb:92:in `start'
    C:/ruby/lib/ruby/1.8/webrick/server.rb:23:in `start'
    C:/ruby/lib/ruby/1.8/webrick/server.rb:82:in `start'
    -e:1:in `load'
    -e:1

Rendered rescues/_trace (187.0ms)
Rendered rescues/_request_and_response (0.0ms)
Rendering rescues/layout (internal_server_error)
  [4;35;1mSQL (0.0ms)[0m   [0mSET SQL_AUTO_IS_NULL=0[0m


Processing ArticlesController#index (for 127.0.0.1 at 2009-06-03 15:42:09) [GET]
  [4;36;1mArticle Load (0.0ms)[0m   [0;1mSELECT * FROM `articles` [0m
Rendering articles/index
  [4;35;1mArticle Columns (0.0ms)[0m   [0mSHOW FIELDS FROM `articles`[0m
  [4;36;1mComment Load (0.0ms)[0m   [0;1mSELECT * FROM `comments` WHERE (`comments`.article_id = 10) [0m
  [4;35;1mComment Columns (15.0ms)[0m   [0mSHOW FIELDS FROM `comments`[0m
Completed in 109ms (View: 79, DB: 15) | 200 OK [http://localhost/articles]
  [4;36;1mSQL (0.0ms)[0m   [0;1mSET SQL_AUTO_IS_NULL=0[0m


Processing ArticlesController#feedback (for 127.0.0.1 at 2009-06-03 15:42:11) [GET]
  [4;35;1mFeedback Columns (15.0ms)[0m   [0mSHOW FIELDS FROM `feedbacks`[0m
Rendering articles/feedback

ActionView::TemplateError (undefined method `feedbacks_path' for #<ActionView::Base:0x4a74bcc>) on line #1 of app/views/articles/feedback.html.erb:
1: <% form_for @feedback do |f| %>
2:     <p>
3:       <%= f.error_messages %>
4:     </p>

    app/views/articles/feedback.html.erb:1
    C:/ruby/lib/ruby/1.8/webrick/httpserver.rb:104:in `service'
    C:/ruby/lib/ruby/1.8/webrick/httpserver.rb:65:in `run'
    C:/ruby/lib/ruby/1.8/webrick/server.rb:173:in `start_thread'
    C:/ruby/lib/ruby/1.8/webrick/server.rb:162:in `start'
    C:/ruby/lib/ruby/1.8/webrick/server.rb:162:in `start_thread'
    C:/ruby/lib/ruby/1.8/webrick/server.rb:95:in `start'
    C:/ruby/lib/ruby/1.8/webrick/server.rb:92:in `each'
    C:/ruby/lib/ruby/1.8/webrick/server.rb:92:in `start'
    C:/ruby/lib/ruby/1.8/webrick/server.rb:23:in `start'
    C:/ruby/lib/ruby/1.8/webrick/server.rb:82:in `start'
    -e:1:in `load'
    -e:1

Rendered rescues/_trace (140.0ms)
Rendered rescues/_request_and_response (0.0ms)
Rendering rescues/layout (internal_server_error)
  [4;36;1mSQL (0.0ms)[0m   [0;1mSET SQL_AUTO_IS_NULL=0[0m


Processing ArticlesController#feedback (for 127.0.0.1 at 2009-06-03 15:46:48) [GET]
  [4;35;1mFeedback Columns (0.0ms)[0m   [0mSHOW FIELDS FROM `feedbacks`[0m
Rendering articles/feedback

ActionView::TemplateError (undefined method `feedbacks_path' for #<ActionView::Base:0x369ec24>) on line #1 of app/views/articles/feedback.html.erb:
1: <% form_for @feedback do |f| %>
2:     <p>
3:       <%= f.error_messages %>
4:     </p>

    app/views/articles/feedback.html.erb:1
    C:/ruby/lib/ruby/1.8/webrick/httpserver.rb:104:in `service'
    C:/ruby/lib/ruby/1.8/webrick/httpserver.rb:65:in `run'
    C:/ruby/lib/ruby/1.8/webrick/server.rb:173:in `start_thread'
    C:/ruby/lib/ruby/1.8/webrick/server.rb:162:in `start'
    C:/ruby/lib/ruby/1.8/webrick/server.rb:162:in `start_thread'
    C:/ruby/lib/ruby/1.8/webrick/server.rb:95:in `start'
    C:/ruby/lib/ruby/1.8/webrick/server.rb:92:in `each'
    C:/ruby/lib/ruby/1.8/webrick/server.rb:92:in `start'
    C:/ruby/lib/ruby/1.8/webrick/server.rb:23:in `start'
    C:/ruby/lib/ruby/1.8/webrick/server.rb:82:in `start'
    -e:1:in `load'
    -e:1

Rendered rescues/_trace (391.0ms)
Rendered rescues/_request_and_response (0.0ms)
Rendering rescues/layout (internal_server_error)
  [4;36;1mSQL (0.0ms)[0m   [0;1mSET SQL_AUTO_IS_NULL=0[0m


Processing ArticlesController#index (for 127.0.0.1 at 2009-06-03 15:46:52) [GET]
  [4;35;1mArticle Load (0.0ms)[0m   [0mSELECT * FROM `articles` [0m
Rendering articles/index
  [4;36;1mArticle Columns (0.0ms)[0m   [0;1mSHOW FIELDS FROM `articles`[0m
  [4;35;1mComment Load (0.0ms)[0m   [0mSELECT * FROM `comments` WHERE (`comments`.article_id = 10) [0m
  [4;36;1mComment Columns (15.0ms)[0m   [0;1mSHOW FIELDS FROM `comments`[0m
Completed in 453ms (View: 110, DB: 15) | 200 OK [http://localhost/articles]
  [4;35;1mSQL (0.0ms)[0m   [0mSET SQL_AUTO_IS_NULL=0[0m


Processing ArticlesController#feedback (for 127.0.0.1 at 2009-06-03 15:46:56) [GET]
  [4;36;1mFeedback Columns (15.0ms)[0m   [0;1mSHOW FIELDS FROM `feedbacks`[0m
Rendering articles/feedback

ActionView::TemplateError (undefined method `feedbacks_path' for #<ActionView::Base:0x3609bb0>) on line #1 of app/views/articles/feedback.html.erb:
1: <% form_for @feedback do |f| %>
2:     <p>
3:       <%= f.error_messages %>
4:     </p>

    app/views/articles/feedback.html.erb:1
    C:/ruby/lib/ruby/1.8/webrick/httpserver.rb:104:in `service'
    C:/ruby/lib/ruby/1.8/webrick/httpserver.rb:65:in `run'
    C:/ruby/lib/ruby/1.8/webrick/server.rb:173:in `start_thread'
    C:/ruby/lib/ruby/1.8/webrick/server.rb:162:in `start'
    C:/ruby/lib/ruby/1.8/webrick/server.rb:162:in `start_thread'
    C:/ruby/lib/ruby/1.8/webrick/server.rb:95:in `start'
    C:/ruby/lib/ruby/1.8/webrick/server.rb:92:in `each'
    C:/ruby/lib/ruby/1.8/webrick/server.rb:92:in `start'
    C:/ruby/lib/ruby/1.8/webrick/server.rb:23:in `start'
    C:/ruby/lib/ruby/1.8/webrick/server.rb:82:in `start'
    -e:1:in `load'
    -e:1

Rendered rescues/_trace (437.0ms)
Rendered rescues/_request_and_response (0.0ms)
Rendering rescues/layout (internal_server_error)
  [4;35;1mSQL (0.0ms)[0m   [0mSET SQL_AUTO_IS_NULL=0[0m


Processing ArticlesController#index (for 127.0.0.1 at 2009-06-03 15:54:16) [GET]
  [4;36;1mArticle Load (0.0ms)[0m   [0;1mSELECT * FROM `articles` [0m
Rendering articles/index
  [4;35;1mArticle Columns (0.0ms)[0m   [0mSHOW FIELDS FROM `articles`[0m
  [4;36;1mComment Load (0.0ms)[0m   [0;1mSELECT * FROM `comments` WHERE (`comments`.article_id = 10) [0m
  [4;35;1mComment Columns (16.0ms)[0m   [0mSHOW FIELDS FROM `comments`[0m
Completed in 79ms (View: 31, DB: 16) | 200 OK [http://localhost/articles]
  [4;36;1mSQL (0.0ms)[0m   [0;1mSET SQL_AUTO_IS_NULL=0[0m


Processing ArticlesController#feedback (for 127.0.0.1 at 2009-06-03 15:54:20) [GET]
  [4;35;1mFeedback Columns (15.0ms)[0m   [0mSHOW FIELDS FROM `feedbacks`[0m
Rendering articles/feedback
Completed in 125ms (View: 31, DB: 15) | 200 OK [http://localhost/feedback]
  [4;36;1mSQL (0.0ms)[0m   [0;1mSET SQL_AUTO_IS_NULL=0[0m


Processing ArticlesController#post_feedback (for 127.0.0.1 at 2009-06-03 15:54:38) [POST]
  Parameters: {"commit"=>"Create", "authenticity_token"=>"NtaxLW7ZAl7VRgdx/8OStVcUCQo3/fvSCnpU+EhN3pQ=", "comment"=>{"message"=>"", "name"=>"", "email"=>""}}
Redirected to http://localhost:3000/articles
Completed in 15ms (DB: 0) | 302 Found [http://localhost/articles/post_feedback]
  [4;35;1mSQL (0.0ms)[0m   [0mSET SQL_AUTO_IS_NULL=0[0m


Processing ArticlesController#index (for 127.0.0.1 at 2009-06-03 15:54:38) [GET]
  [4;36;1mArticle Load (0.0ms)[0m   [0;1mSELECT * FROM `articles` [0m
Rendering articles/index
  [4;35;1mArticle Columns (0.0ms)[0m   [0mSHOW FIELDS FROM `articles`[0m
  [4;36;1mComment Load (0.0ms)[0m   [0;1mSELECT * FROM `comments` WHERE (`comments`.article_id = 10) [0m
  [4;35;1mComment Columns (16.0ms)[0m   [0mSHOW FIELDS FROM `comments`[0m
Completed in 47ms (View: 15, DB: 16) | 200 OK [http://localhost/articles]
